<?xml version="1.0" encoding="UTF-8"?>
<!-- Generated by org.testng.reporters.JUnitReportReporter -->
<testsuite hostname="ArshadM" name="com.upnorway.testcases.Testimonials" tests="1" failures="0" timestamp="24 Feb 2020 12:09:24 GMT" time="6.149" errors="0">
  <testcase name="navigateToTestimonials" time="6.149" classname="com.upnorway.testcases.Testimonials"/>
</testsuite> <!-- com.upnorway.testcases.Testimonials -->
