<?xml version="1.0" encoding="UTF-8"?>
<!-- Generated by org.testng.reporters.JUnitReportReporter -->
<testsuite hostname="ArshadM" name="com.upnorway.testcases.TailorMyJourney" tests="5" failures="0" timestamp="8 Nov 2019 10:06:27 GMT" time="72.434" errors="0">
  <testcase name="testTailorMyJourenyBackToHome" time="7.550" classname="com.upnorway.testcases.TailorMyJourney"/>
  <testcase name="send_Enquiry" time="14.235" classname="com.upnorway.testcases.TailorMyJourney"/>
  <testcase name="testTailorMyJourenyUPNorwayLogo" time="8.586" classname="com.upnorway.testcases.TailorMyJourney"/>
  <testcase name="testTailorMyJourneyContactInfoValidating" time="19.670" classname="com.upnorway.testcases.TailorMyJourney"/>
  <testcase name="tailorMyJourney_ValidationCheck" time="22.393" classname="com.upnorway.testcases.TailorMyJourney"/>
</testsuite> <!-- com.upnorway.testcases.TailorMyJourney -->
