<?xml version="1.0" encoding="UTF-8"?>
<!-- Generated by org.testng.reporters.JUnitReportReporter -->
<testsuite hostname="ArshadM" name="com.upnorway.testcases.About" tests="2" failures="0" timestamp="15 Apr 2020 13:51:42 GMT" time="56.404" errors="0">
  <testcase name="about_JourneyTestimonials" time="31.602" classname="com.upnorway.testcases.About"/>
  <testcase name="about_getStarted" time="24.802" classname="com.upnorway.testcases.About"/>
</testsuite> <!-- com.upnorway.testcases.About -->
