<?xml version="1.0" encoding="UTF-8"?>
<!-- Generated by org.testng.reporters.JUnitReportReporter -->
<testsuite hostname="ArshadM" name="com.upnorway.testcases.SearchAnything" tests="4" failures="0" timestamp="15 Apr 2020 13:51:42 GMT" time="105.938" errors="0">
  <testcase name="search_for_many" time="33.231" classname="com.upnorway.testcases.SearchAnything"/>
  <testcase name="navigate_Pagination" time="22.707" classname="com.upnorway.testcases.SearchAnything"/>
  <testcase name="search_Pagination" time="29.269" classname="com.upnorway.testcases.SearchAnything"/>
  <testcase name="search_for_less" time="20.731" classname="com.upnorway.testcases.SearchAnything"/>
</testsuite> <!-- com.upnorway.testcases.SearchAnything -->
