<?xml version="1.0" encoding="UTF-8"?>
<!-- Generated by org.testng.reporters.JUnitReportReporter -->
<testsuite hostname="ArshadM" name="com.upnorway.testcases.Upguides" tests="2" failures="0" timestamp="31 Oct 2019 10:32:03 GMT" time="93.844" errors="0">
  <testcase name="search_upguides" time="17.679" classname="com.upnorway.testcases.Upguides"/>
  <testcase name="upguide_go_to_journey" time="76.165" classname="com.upnorway.testcases.Upguides"/>
</testsuite> <!-- com.upnorway.testcases.Upguides -->
