<?xml version="1.0" encoding="UTF-8"?>
<!-- Generated by org.testng.reporters.JUnitReportReporter -->
<testsuite hostname="ArshadM" name="com.upnorway.testcases.Experiences" tests="2" failures="0" timestamp="8 Nov 2019 10:06:27 GMT" time="85.156" errors="0">
  <testcase name="search_experiences" time="20.654" classname="com.upnorway.testcases.Experiences"/>
  <testcase name="experience_enquire" time="64.502" classname="com.upnorway.testcases.Experiences"/>
</testsuite> <!-- com.upnorway.testcases.Experiences -->
