<?xml version="1.0" encoding="UTF-8"?>
<!-- Generated by org.testng.reporters.JUnitReportReporter -->
<testsuite hostname="ArshadM" name="com.upnorway.testcases.Campaign" tests="2" failures="0" timestamp="15 Apr 2020 13:51:42 GMT" time="97.000" errors="0">
  <testcase name="campaign_enquireExperience" time="41.667" classname="com.upnorway.testcases.Campaign"/>
  <testcase name="campaign_goToJourney" time="55.333" classname="com.upnorway.testcases.Campaign"/>
</testsuite> <!-- com.upnorway.testcases.Campaign -->
