<?xml version="1.0" encoding="UTF-8"?>
<!-- Generated by org.testng.reporters.JUnitReportReporter -->
<testsuite hostname="ArshadM" name="com.upnorway.testcases.About" tests="2" failures="0" timestamp="24 Feb 2020 12:09:24 GMT" time="34.556" errors="0">
  <testcase name="about_JourneyTestimonials" time="22.945" classname="com.upnorway.testcases.About"/>
  <testcase name="about_getStarted" time="11.611" classname="com.upnorway.testcases.About"/>
</testsuite> <!-- com.upnorway.testcases.About -->
