<?xml version="1.0" encoding="UTF-8"?>
<!-- Generated by org.testng.reporters.JUnitReportReporter -->
<testsuite hostname="ArshadM" name="com.upnorway.testcases.SendEnquiry" tests="1" failures="0" timestamp="8 Nov 2019 10:06:27 GMT" time="9.145" errors="0">
  <testcase name="send_Enquiry" time="9.145" classname="com.upnorway.testcases.SendEnquiry"/>
</testsuite> <!-- com.upnorway.testcases.SendEnquiry -->
