<?xml version="1.0" encoding="UTF-8"?>
<!-- Generated by org.testng.reporters.JUnitReportReporter -->
<testsuite hostname="ArshadM" name="com.upnorway.testcases.Campaign" tests="2" failures="0" timestamp="24 Feb 2020 12:09:24 GMT" time="66.802" errors="0">
  <testcase name="campaign_goToJourney" time="35.692" classname="com.upnorway.testcases.Campaign"/>
  <testcase name="campaign_enquireExperience" time="31.110" classname="com.upnorway.testcases.Campaign"/>
</testsuite> <!-- com.upnorway.testcases.Campaign -->
