<?xml version="1.0" encoding="UTF-8"?>
<!-- Generated by org.testng.reporters.JUnitReportReporter -->
<testsuite hostname="ArshadM" name="com.upnorway.testcases.TailorMyJourney" tests="5" failures="0" timestamp="15 Apr 2020 13:51:42 GMT" time="117.170" errors="0">
  <testcase name="send_Enquiry" time="17.914" classname="com.upnorway.testcases.TailorMyJourney"/>
  <testcase name="testTailorMyJourneyContactInfoValidating" time="47.218" classname="com.upnorway.testcases.TailorMyJourney"/>
  <testcase name="testTailorMyJourenyUPNorwayLogo" time="14.233" classname="com.upnorway.testcases.TailorMyJourney"/>
  <testcase name="tailorMyJourney_ValidationCheck" time="31.027" classname="com.upnorway.testcases.TailorMyJourney"/>
  <testcase name="testTailorMyJourenyBackToHome" time="6.778" classname="com.upnorway.testcases.TailorMyJourney"/>
</testsuite> <!-- com.upnorway.testcases.TailorMyJourney -->
