<?xml version="1.0" encoding="UTF-8"?>
<!-- Generated by org.testng.reporters.JUnitReportReporter -->
<testsuite hostname="ArshadM" name="com.upnorway.testcases.SendEnquiry" tests="2" failures="0" timestamp="15 Apr 2020 13:51:42 GMT" time="43.736" errors="0">
  <testcase name="send_Enquiry" time="20.972" classname="com.upnorway.testcases.SendEnquiry"/>
  <testcase name="sendEnquiryWithoutMandatoryFields" time="22.764" classname="com.upnorway.testcases.SendEnquiry"/>
</testsuite> <!-- com.upnorway.testcases.SendEnquiry -->
