<?xml version="1.0" encoding="UTF-8"?>
<!-- Generated by org.testng.reporters.JUnitReportReporter -->
<testsuite hostname="ArshadM" name="com.upnorway.testcases.Testimonials" tests="1" failures="0" timestamp="15 Apr 2020 13:51:42 GMT" time="19.787" errors="0">
  <testcase name="navigateToTestimonials" time="19.787" classname="com.upnorway.testcases.Testimonials"/>
</testsuite> <!-- com.upnorway.testcases.Testimonials -->
