<?xml version="1.0" encoding="UTF-8"?>
<!-- Generated by org.testng.reporters.JUnitReportReporter -->
<testsuite hostname="ArshadM" name="com.upnorway.testcases.Campaign" tests="2" failures="0" timestamp="10 Apr 2020 10:55:22 GMT" time="93.153" errors="0">
  <testcase name="campaign_enquireExperience" time="39.865" classname="com.upnorway.testcases.Campaign"/>
  <testcase name="campaign_goToJourney" time="53.288" classname="com.upnorway.testcases.Campaign"/>
</testsuite> <!-- com.upnorway.testcases.Campaign -->
