<?xml version="1.0" encoding="UTF-8"?>
<!-- Generated by org.testng.reporters.JUnitReportReporter -->
<testsuite hostname="ArshadM" name="com.upnorway.testcases.Homepage" tests="2" failures="0" timestamp="15 Apr 2020 13:51:42 GMT" time="34.079" errors="0">
  <testcase name="slidePressItems" time="13.705" classname="com.upnorway.testcases.Homepage"/>
  <testcase name="googleReviews" time="20.374" classname="com.upnorway.testcases.Homepage"/>
</testsuite> <!-- com.upnorway.testcases.Homepage -->
