<?xml version="1.0" encoding="UTF-8"?>
<!-- Generated by org.testng.reporters.JUnitReportReporter -->
<testsuite hostname="ArshadM" name="com.upnorway.testcases.Journeys" tests="6" failures="0" timestamp="10 Apr 2020 10:55:22 GMT" time="282.613" errors="0">
  <testcase name="currencyTypes_price" time="50.072" classname="com.upnorway.testcases.Journeys"/>
  <testcase name="journey_enquire" time="111.838" classname="com.upnorway.testcases.Journeys"/>
  <testcase name="search_journeys" time="42.206" classname="com.upnorway.testcases.Journeys"/>
  <testcase name="journey_magicMap" time="35.017" classname="com.upnorway.testcases.Journeys"/>
  <testcase name="journey_getStarted" time="10.902" classname="com.upnorway.testcases.Journeys"/>
  <testcase name="validateCountsAfterFiltering" time="32.578" classname="com.upnorway.testcases.Journeys"/>
</testsuite> <!-- com.upnorway.testcases.Journeys -->
