<?xml version="1.0" encoding="UTF-8"?>
<!-- Generated by org.testng.reporters.JUnitReportReporter -->
<testsuite hostname="ArshadM" name="com.upnorway.testcases.TailorMyJourney" tests="5" failures="0" timestamp="24 Feb 2020 12:09:24 GMT" time="50.447" errors="0">
  <testcase name="testTailorMyJourenyUPNorwayLogo" time="5.369" classname="com.upnorway.testcases.TailorMyJourney"/>
  <testcase name="testTailorMyJourneyContactInfoValidating" time="13.174" classname="com.upnorway.testcases.TailorMyJourney"/>
  <testcase name="tailorMyJourney_ValidationCheck" time="17.926" classname="com.upnorway.testcases.TailorMyJourney"/>
  <testcase name="testTailorMyJourenyBackToHome" time="4.977" classname="com.upnorway.testcases.TailorMyJourney"/>
  <testcase name="send_Enquiry" time="9.001" classname="com.upnorway.testcases.TailorMyJourney"/>
</testsuite> <!-- com.upnorway.testcases.TailorMyJourney -->
