<?xml version="1.0" encoding="UTF-8"?>
<!-- Generated by org.testng.reporters.JUnitReportReporter -->
<testsuite hostname="ArshadM" name="com.upnorway.testcases.SearchAnything" tests="4" failures="0" timestamp="21 Aug 2019 12:25:01 GMT" time="75.827" errors="0">
  <testcase name="navigate_Pagination" time="17.338" classname="com.upnorway.testcases.SearchAnything"/>
  <testcase name="search_for_less" time="20.418" classname="com.upnorway.testcases.SearchAnything"/>
  <testcase name="search_for_many" time="27.819" classname="com.upnorway.testcases.SearchAnything"/>
  <testcase name="search_Pagination" time="10.252" classname="com.upnorway.testcases.SearchAnything"/>
</testsuite> <!-- com.upnorway.testcases.SearchAnything -->
