<?xml version="1.0" encoding="UTF-8"?>
<!-- Generated by org.testng.reporters.JUnitReportReporter -->
<testsuite hostname="ArshadM" name="com.upnorway.testcases.Journeys" tests="6" failures="0" timestamp="24 Feb 2020 12:09:24 GMT" time="148.928" errors="0">
  <testcase name="journey_enquire" time="61.198" classname="com.upnorway.testcases.Journeys"/>
  <testcase name="validateCountsAfterFiltering" time="11.305" classname="com.upnorway.testcases.Journeys"/>
  <testcase name="search_journeys" time="18.616" classname="com.upnorway.testcases.Journeys"/>
  <testcase name="journey_getStarted" time="7.423" classname="com.upnorway.testcases.Journeys"/>
  <testcase name="journey_magicMap" time="10.986" classname="com.upnorway.testcases.Journeys"/>
  <testcase name="currencyTypes_price" time="39.400" classname="com.upnorway.testcases.Journeys"/>
</testsuite> <!-- com.upnorway.testcases.Journeys -->
