<?xml version="1.0" encoding="UTF-8"?>
<!-- Generated by org.testng.reporters.JUnitReportReporter -->
<testsuite hostname="ArshadM" name="com.upnorway.testcases.Testimonials" tests="1" failures="0" timestamp="10 Apr 2020 10:55:22 GMT" time="9.406" errors="0">
  <testcase name="navigateToTestimonials" time="9.406" classname="com.upnorway.testcases.Testimonials"/>
</testsuite> <!-- com.upnorway.testcases.Testimonials -->
