<?xml version="1.0" encoding="UTF-8"?>
<!-- Generated by org.testng.reporters.JUnitReportReporter -->
<testsuite hostname="ArshadM" name="com.upnorway.testcases.Homepage" tests="4" failures="0" timestamp="10 Apr 2020 10:55:22 GMT" time="891.919" errors="0">
  <testcase name="googleReviewCount" time="16.685" classname="com.upnorway.testcases.Homepage"/>
  <testcase name="googleReviews" time="68.602" classname="com.upnorway.testcases.Homepage"/>
  <testcase name="slidePressItems" time="24.911" classname="com.upnorway.testcases.Homepage"/>
  <testcase name="googleReviewfiveStars" time="781.721" classname="com.upnorway.testcases.Homepage"/>
</testsuite> <!-- com.upnorway.testcases.Homepage -->
