<?xml version="1.0" encoding="UTF-8"?>
<!-- Generated by org.testng.reporters.JUnitReportReporter -->
<testsuite hostname="ArshadM" name="com.upnorway.testcases.Experiences" tests="1" failures="0" timestamp="23 Aug 2019 05:51:27 GMT" time="16.269" errors="0">
  <testcase name="search_experiences" time="16.269" classname="com.upnorway.testcases.Experiences"/>
</testsuite> <!-- com.upnorway.testcases.Experiences -->
