<?xml version="1.0" encoding="UTF-8"?>
<!-- Generated by org.testng.reporters.JUnitReportReporter -->
<testsuite hostname="ArshadM" name="com.upnorway.testcases.Journeys" tests="2" failures="0" timestamp="21 Aug 2019 12:25:01 GMT" time="75.737" errors="0">
  <testcase name="journey_enquire" time="59.443" classname="com.upnorway.testcases.Journeys"/>
  <testcase name="search_journeys" time="16.294" classname="com.upnorway.testcases.Journeys"/>
</testsuite> <!-- com.upnorway.testcases.Journeys -->
