<?xml version="1.0" encoding="UTF-8"?>
<!-- Generated by org.testng.reporters.JUnitReportReporter -->
<testsuite hostname="ArshadM" name="com.upnorway.testcases.TailorMyJourney" tests="5" failures="0" timestamp="31 Oct 2019 10:23:01 GMT" time="62.520" errors="0">
  <testcase name="testTailorMyJourenyBackToHome" time="5.839" classname="com.upnorway.testcases.TailorMyJourney"/>
  <testcase name="tailorMyJourney_ValidationCheck" time="22.093" classname="com.upnorway.testcases.TailorMyJourney"/>
  <testcase name="send_Enquiry" time="12.597" classname="com.upnorway.testcases.TailorMyJourney"/>
  <testcase name="testTailorMyJourenyUPNorwayLogo" time="5.246" classname="com.upnorway.testcases.TailorMyJourney"/>
  <testcase name="testTailorMyJourneyContactInfoValidating" time="16.745" classname="com.upnorway.testcases.TailorMyJourney"/>
</testsuite> <!-- com.upnorway.testcases.TailorMyJourney -->
