<?xml version="1.0" encoding="UTF-8"?>
<!-- Generated by org.testng.reporters.JUnitReportReporter -->
<testsuite hostname="ArshadM" name="com.upnorway.testcases.SearchAnything" tests="4" failures="0" timestamp="24 Feb 2020 12:09:24 GMT" time="98.025" errors="0">
  <testcase name="search_Pagination" time="50.128" classname="com.upnorway.testcases.SearchAnything"/>
  <testcase name="search_for_less" time="9.276" classname="com.upnorway.testcases.SearchAnything"/>
  <testcase name="navigate_Pagination" time="10.505" classname="com.upnorway.testcases.SearchAnything"/>
  <testcase name="search_for_many" time="28.116" classname="com.upnorway.testcases.SearchAnything"/>
</testsuite> <!-- com.upnorway.testcases.SearchAnything -->
