<?xml version="1.0" encoding="UTF-8"?>
<!-- Generated by org.testng.reporters.JUnitReportReporter -->
<testsuite hostname="ArshadM" name="com.upnorway.testcases.Journeys" tests="2" failures="0" timestamp="8 Nov 2019 10:06:27 GMT" time="87.018" errors="0">
  <testcase name="journey_enquire" time="67.598" classname="com.upnorway.testcases.Journeys"/>
  <testcase name="search_journeys" time="19.420" classname="com.upnorway.testcases.Journeys"/>
</testsuite> <!-- com.upnorway.testcases.Journeys -->
