<?xml version="1.0" encoding="UTF-8"?>
<!-- Generated by org.testng.reporters.JUnitReportReporter -->
<testsuite hostname="ArshadM" name="com.upnorway.testcases.SendEnquiry" tests="1" failures="0" timestamp="21 Aug 2019 12:25:01 GMT" time="7.448" errors="0">
  <testcase name="send_Enquiry" time="7.448" classname="com.upnorway.testcases.SendEnquiry"/>
</testsuite> <!-- com.upnorway.testcases.SendEnquiry -->
