<?xml version="1.0" encoding="UTF-8"?>
<!-- Generated by org.testng.reporters.JUnitReportReporter -->
<testsuite hostname="ArshadM" name="com.upnorway.testcases.SearchAnything" tests="4" failures="0" timestamp="8 Nov 2019 10:06:27 GMT" time="72.081" errors="0">
  <testcase name="search_for_less" time="11.999" classname="com.upnorway.testcases.SearchAnything"/>
  <testcase name="navigate_Pagination" time="16.772" classname="com.upnorway.testcases.SearchAnything"/>
  <testcase name="search_Pagination" time="12.081" classname="com.upnorway.testcases.SearchAnything"/>
  <testcase name="search_for_many" time="31.229" classname="com.upnorway.testcases.SearchAnything"/>
</testsuite> <!-- com.upnorway.testcases.SearchAnything -->
