<?xml version="1.0" encoding="UTF-8"?>
<!-- Generated by org.testng.reporters.JUnitReportReporter -->
<testsuite hostname="ArshadM" name="com.upnorway.testcases.SendEnquiry" tests="2" failures="0" timestamp="24 Feb 2020 12:09:24 GMT" time="11.173" errors="0">
  <testcase name="send_Enquiry" time="6.659" classname="com.upnorway.testcases.SendEnquiry"/>
  <testcase name="sendEnquiryWithoutMandatoryFields" time="4.514" classname="com.upnorway.testcases.SendEnquiry"/>
</testsuite> <!-- com.upnorway.testcases.SendEnquiry -->
