<?xml version="1.0" encoding="UTF-8"?>
<!-- Generated by org.testng.reporters.JUnitReportReporter -->
<testsuite hostname="ArshadM" name="com.upnorway.testcases.Journeys" tests="6" failures="0" timestamp="15 Apr 2020 13:51:42 GMT" time="192.003" errors="0">
  <testcase name="journey_magicMap" time="11.413" classname="com.upnorway.testcases.Journeys"/>
  <testcase name="journey_getStarted" time="16.527" classname="com.upnorway.testcases.Journeys"/>
  <testcase name="search_journeys" time="24.242" classname="com.upnorway.testcases.Journeys"/>
  <testcase name="validateCountsAfterFiltering" time="16.721" classname="com.upnorway.testcases.Journeys"/>
  <testcase name="currencyTypes_price" time="42.058" classname="com.upnorway.testcases.Journeys"/>
  <testcase name="journey_enquire" time="81.042" classname="com.upnorway.testcases.Journeys"/>
</testsuite> <!-- com.upnorway.testcases.Journeys -->
