<?xml version="1.0" encoding="UTF-8"?>
<!-- Generated by org.testng.reporters.JUnitReportReporter -->
<testsuite hostname="ArshadM" name="com.upnorway.testcases.About" tests="2" failures="0" timestamp="10 Apr 2020 10:55:22 GMT" time="46.466" errors="0">
  <testcase name="about_getStarted" time="16.751" classname="com.upnorway.testcases.About"/>
  <testcase name="about_JourneyTestimonials" time="29.715" classname="com.upnorway.testcases.About"/>
</testsuite> <!-- com.upnorway.testcases.About -->
