<?xml version="1.0" encoding="UTF-8"?>
<!-- Generated by org.testng.reporters.JUnitReportReporter -->
<testsuite hostname="ArshadM" name="com.upnorway.testcases.Homepage" tests="4" failures="0" timestamp="24 Feb 2020 12:09:24 GMT" time="773.390" errors="0">
  <testcase name="googleReviewfiveStars" time="745.336" classname="com.upnorway.testcases.Homepage"/>
  <testcase name="googleReviewCount" time="8.225" classname="com.upnorway.testcases.Homepage"/>
  <testcase name="googleReviews" time="11.000" classname="com.upnorway.testcases.Homepage"/>
  <testcase name="slidePressItems" time="8.829" classname="com.upnorway.testcases.Homepage"/>
</testsuite> <!-- com.upnorway.testcases.Homepage -->
