<?xml version="1.0" encoding="UTF-8"?>
<!-- Generated by org.testng.reporters.JUnitReportReporter -->
<testsuite hostname="ArshadM" name="com.upnorway.testcases.SendEnquiry" tests="2" failures="0" timestamp="10 Apr 2020 10:55:22 GMT" time="28.560" errors="0">
  <testcase name="send_Enquiry" time="19.390" classname="com.upnorway.testcases.SendEnquiry"/>
  <testcase name="sendEnquiryWithoutMandatoryFields" time="9.170" classname="com.upnorway.testcases.SendEnquiry"/>
</testsuite> <!-- com.upnorway.testcases.SendEnquiry -->
